Build started 12/23/2013 2:10:22 PM.
     1>Project "C:\Users\Sandman\Google Drive\Programming\Personal_Projects\c++\war_cardgame\war_cardgame\war_cardgame.vcxproj" on node 2 (Build target(s)).
     1>ClCompile:
         C:\Program Files (x86)\Microsoft Visual Studio 11.0\VC\bin\CL.exe /c /ZI /nologo /W3 /WX- /sdl /Od /Oy- /D _MBCS /Gm /EHsc /RTC1 /MDd /GS /fp:precise /Zc:wchar_t /Zc:forScope /Fo"Debug\\" /Fd"Debug\vc110.pdb" /Gd /TP /analyze- /errorReport:prompt SetUp.cpp
         SetUp.cpp
     1>c:\users\sandman\google drive\programming\personal_projects\c++\war_cardgame\war_cardgame\setup.cpp(172): warning C4244: 'initializing' : conversion from 'std::chrono::system_clock::rep' to 'unsigned int', possible loss of data
       Link:
         C:\Program Files (x86)\Microsoft Visual Studio 11.0\VC\bin\link.exe /ERRORREPORT:PROMPT /OUT:"C:\Users\Sandman\Google Drive\Programming\Personal_Projects\c++\war_cardgame\Debug\war_cardgame.exe" /INCREMENTAL /NOLOGO kernel32.lib user32.lib gdi32.lib winspool.lib comdlg32.lib advapi32.lib shell32.lib ole32.lib oleaut32.lib uuid.lib odbc32.lib odbccp32.lib /MANIFEST /MANIFESTUAC:"level='asInvoker' uiAccess='false'" /manifest:embed /DEBUG /PDB:"C:\Users\Sandman\Google Drive\Programming\Personal_Projects\c++\war_cardgame\Debug\war_cardgame.pdb" /TLBID:1 /DYNAMICBASE /NXCOMPAT /IMPLIB:"C:\Users\Sandman\Google Drive\Programming\Personal_Projects\c++\war_cardgame\Debug\war_cardgame.lib" /MACHINE:X86 Debug\Cardz.obj
         Debug\Game.obj
         Debug\SetUp.obj
         Debug\Stack.obj
     1>SetUp.obj : error LNK2019: unresolved external symbol "void __cdecl Game(class std::vector<class Hand *,class std::allocator<class Hand *> > *,class Stack *)" (?Game@@YAXPAV?$vector@PAVHand@@V?$allocator@PAVHand@@@std@@@std@@PAVStack@@@Z) referenced in function "void __cdecl SetUp(void)" (?SetUp@@YAXXZ)
     1>C:\Users\Sandman\Google Drive\Programming\Personal_Projects\c++\war_cardgame\Debug\war_cardgame.exe : fatal error LNK1120: 1 unresolved externals
     1>Done Building Project "C:\Users\Sandman\Google Drive\Programming\Personal_Projects\c++\war_cardgame\war_cardgame\war_cardgame.vcxproj" (Build target(s)) -- FAILED.

Build FAILED.

Time Elapsed 00:00:01.47
